<?xml version="1.0" encoding="utf-8"?>
<coverage line-rate="1" branch-rate="1" version="1.9" timestamp="1680450169" lines-covered="81" lines-valid="81" branches-covered="18" branches-valid="18">
  <sources>
    <source>C:\</source>
  </sources>
  <packages>
    <package name="ShootingRange" line-rate="1" branch-rate="1" complexity="27">
      <classes>
        <class name="ShootingRange.ShootingRangeObservable" filename="Users\User\Desktop\PGTU\Programming\TSaD\lab3\ShootingRange\ShootingRange\ShootingRange.cs" line-rate="1" branch-rate="1" complexity="27">
          <methods>
            <method name="notifySubscribersWindSpeedChanged" signature="()" line-rate="1" branch-rate="1" complexity="1">
              <lines>
                <line number="35" hits="3" branch="False" />
                <line number="36" hits="5" branch="False" />
                <line number="37" hits="3" branch="False" />
              </lines>
            </method>
            <method name="notifySubscribersTargetMoved" signature="()" line-rate="1" branch-rate="1" complexity="1">
              <lines>
                <line number="40" hits="3" branch="False" />
                <line number="41" hits="5" branch="False" />
                <line number="42" hits="3" branch="False" />
              </lines>
            </method>
            <method name="notifySubscribersProjectileSpeedChanged" signature="()" line-rate="1" branch-rate="1" complexity="1">
              <lines>
                <line number="45" hits="3" branch="False" />
                <line number="46" hits="5" branch="False" />
                <line number="47" hits="3" branch="False" />
              </lines>
            </method>
            <method name="notifySubscribersTargetHit" signature="()" line-rate="1" branch-rate="1" complexity="1">
              <lines>
                <line number="50" hits="12" branch="False" />
                <line number="51" hits="20" branch="False" />
                <line number="52" hits="12" branch="False" />
              </lines>
            </method>
            <method name="notifySubscribersShotMissed" signature="()" line-rate="1" branch-rate="1" complexity="1">
              <lines>
                <line number="55" hits="12" branch="False" />
                <line number="56" hits="20" branch="False" />
                <line number="57" hits="12" branch="False" />
              </lines>
            </method>
            <method name="notifySubscribersWindDirectionChanged" signature="()" line-rate="1" branch-rate="1" complexity="1">
              <lines>
                <line number="60" hits="16" branch="False" />
                <line number="61" hits="31" branch="False" />
                <line number="62" hits="16" branch="False" />
              </lines>
            </method>
            <method name="setWindSpeed" signature="(System.UInt32)" line-rate="1" branch-rate="1" complexity="2">
              <lines>
                <line number="65" hits="4" branch="False" />
                <line number="66" hits="4" branch="True" condition-coverage="100% (2/2)">
                  <conditions>
                    <condition number="15" type="jump" coverage="100%" />
                  </conditions>
                </line>
                <line number="67" hits="3" branch="False" />
                <line number="68" hits="3" branch="False" />
                <line number="69" hits="3" branch="False" />
                <line number="70" hits="3" branch="False" />
                <line number="71" hits="4" branch="False" />
              </lines>
            </method>
            <method name="setProjectileSpeed" signature="(System.UInt32)" line-rate="1" branch-rate="1" complexity="2">
              <lines>
                <line number="74" hits="4" branch="False" />
                <line number="75" hits="4" branch="True" condition-coverage="100% (2/2)">
                  <conditions>
                    <condition number="15" type="jump" coverage="100%" />
                  </conditions>
                </line>
                <line number="76" hits="3" branch="False" />
                <line number="77" hits="3" branch="False" />
                <line number="78" hits="3" branch="False" />
                <line number="79" hits="3" branch="False" />
                <line number="80" hits="4" branch="False" />
              </lines>
            </method>
            <method name="setDistanceToTarget" signature="(System.UInt32)" line-rate="1" branch-rate="1" complexity="2">
              <lines>
                <line number="83" hits="4" branch="False" />
                <line number="84" hits="4" branch="True" condition-coverage="100% (2/2)">
                  <conditions>
                    <condition number="15" type="jump" coverage="100%" />
                  </conditions>
                </line>
                <line number="85" hits="3" branch="False" />
                <line number="86" hits="3" branch="False" />
                <line number="87" hits="3" branch="False" />
                <line number="88" hits="3" branch="False" />
                <line number="89" hits="4" branch="False" />
              </lines>
            </method>
            <method name="setWindDirection" signature="(ShootingRange.WindDirection)" line-rate="1" branch-rate="1" complexity="2">
              <lines>
                <line number="92" hits="17" branch="False" />
                <line number="93" hits="17" branch="True" condition-coverage="100% (2/2)">
                  <conditions>
                    <condition number="15" type="jump" coverage="100%" />
                  </conditions>
                </line>
                <line number="94" hits="16" branch="False" />
                <line number="95" hits="16" branch="False" />
                <line number="96" hits="16" branch="False" />
                <line number="97" hits="16" branch="False" />
                <line number="98" hits="17" branch="False" />
              </lines>
            </method>
            <method name="subscribe" signature="(IShootingRangeObserver)" line-rate="1" branch-rate="1" complexity="1">
              <lines>
                <line number="101" hits="28" branch="False" />
                <line number="102" hits="28" branch="False" />
                <line number="104" hits="28" branch="False" />
                <line number="105" hits="28" branch="False" />
              </lines>
            </method>
            <method name="unsubscribe" signature="(System.Int32)" line-rate="1" branch-rate="1" complexity="1">
              <lines>
                <line number="108" hits="12" branch="False" />
                <line number="109" hits="12" branch="False" />
                <line number="110" hits="12" branch="False" />
              </lines>
            </method>
            <method name="shoot" signature="(System.Int64)" line-rate="1" branch-rate="1" complexity="10">
              <lines>
                <line number="113" hits="24" branch="False" />
                <line number="114" hits="24" branch="False" />
                <line number="116" hits="24" branch="True" condition-coverage="100% (4/4)">
                  <conditions>
                    <condition number="21" type="jump" coverage="100%" />
                    <condition number="37" type="jump" coverage="100%" />
                  </conditions>
                </line>
                <line number="117" hits="12" branch="False" />
                <line number="118" hits="12" branch="True" condition-coverage="100% (2/2)">
                  <conditions>
                    <condition number="47" type="jump" coverage="100%" />
                  </conditions>
                </line>
                <line number="119" hits="6" branch="False" />
                <line number="120" hits="6" branch="False" />
                <line number="121" hits="6" branch="False" />
                <line number="123" hits="6" branch="False" />
                <line number="124" hits="6" branch="False" />
                <line number="125" hits="6" branch="False" />
                <line number="126" hits="12" branch="False" />
                <line number="129" hits="12" branch="True" condition-coverage="100% (2/2)">
                  <conditions>
                    <condition number="78" type="jump" coverage="100%" />
                  </conditions>
                </line>
                <line number="130" hits="12" branch="False" />
                <line number="131" hits="12" branch="False" />
                <line number="133" hits="12" branch="True" condition-coverage="100% (2/2)">
                  <conditions>
                    <condition number="109" type="jump" coverage="100%" />
                  </conditions>
                </line>
                <line number="134" hits="6" branch="False" />
                <line number="135" hits="6" branch="False" />
                <line number="136" hits="6" branch="False" />
                <line number="138" hits="6" branch="False" />
                <line number="139" hits="6" branch="False" />
                <line number="140" hits="6" branch="False" />
                <line number="141" hits="24" branch="False" />
              </lines>
            </method>
            <method name=".ctor" signature="()" line-rate="1" branch-rate="1" complexity="1">
              <lines>
                <line number="28" hits="28" branch="False" />
                <line number="29" hits="28" branch="False" />
                <line number="30" hits="28" branch="False" />
                <line number="31" hits="28" branch="False" />
                <line number="32" hits="28" branch="False" />
              </lines>
            </method>
          </methods>
          <lines>
            <line number="35" hits="3" branch="False" />
            <line number="36" hits="5" branch="False" />
            <line number="37" hits="3" branch="False" />
            <line number="40" hits="3" branch="False" />
            <line number="41" hits="5" branch="False" />
            <line number="42" hits="3" branch="False" />
            <line number="45" hits="3" branch="False" />
            <line number="46" hits="5" branch="False" />
            <line number="47" hits="3" branch="False" />
            <line number="50" hits="12" branch="False" />
            <line number="51" hits="20" branch="False" />
            <line number="52" hits="12" branch="False" />
            <line number="55" hits="12" branch="False" />
            <line number="56" hits="20" branch="False" />
            <line number="57" hits="12" branch="False" />
            <line number="60" hits="16" branch="False" />
            <line number="61" hits="31" branch="False" />
            <line number="62" hits="16" branch="False" />
            <line number="65" hits="4" branch="False" />
            <line number="66" hits="4" branch="True" condition-coverage="100% (2/2)">
              <conditions>
                <condition number="15" type="jump" coverage="100%" />
              </conditions>
            </line>
            <line number="67" hits="3" branch="False" />
            <line number="68" hits="3" branch="False" />
            <line number="69" hits="3" branch="False" />
            <line number="70" hits="3" branch="False" />
            <line number="71" hits="4" branch="False" />
            <line number="74" hits="4" branch="False" />
            <line number="75" hits="4" branch="True" condition-coverage="100% (2/2)">
              <conditions>
                <condition number="15" type="jump" coverage="100%" />
              </conditions>
            </line>
            <line number="76" hits="3" branch="False" />
            <line number="77" hits="3" branch="False" />
            <line number="78" hits="3" branch="False" />
            <line number="79" hits="3" branch="False" />
            <line number="80" hits="4" branch="False" />
            <line number="83" hits="4" branch="False" />
            <line number="84" hits="4" branch="True" condition-coverage="100% (2/2)">
              <conditions>
                <condition number="15" type="jump" coverage="100%" />
              </conditions>
            </line>
            <line number="85" hits="3" branch="False" />
            <line number="86" hits="3" branch="False" />
            <line number="87" hits="3" branch="False" />
            <line number="88" hits="3" branch="False" />
            <line number="89" hits="4" branch="False" />
            <line number="92" hits="17" branch="False" />
            <line number="93" hits="17" branch="True" condition-coverage="100% (2/2)">
              <conditions>
                <condition number="15" type="jump" coverage="100%" />
              </conditions>
            </line>
            <line number="94" hits="16" branch="False" />
            <line number="95" hits="16" branch="False" />
            <line number="96" hits="16" branch="False" />
            <line number="97" hits="16" branch="False" />
            <line number="98" hits="17" branch="False" />
            <line number="101" hits="28" branch="False" />
            <line number="102" hits="28" branch="False" />
            <line number="104" hits="28" branch="False" />
            <line number="105" hits="28" branch="False" />
            <line number="108" hits="12" branch="False" />
            <line number="109" hits="12" branch="False" />
            <line number="110" hits="12" branch="False" />
            <line number="113" hits="24" branch="False" />
            <line number="114" hits="24" branch="False" />
            <line number="116" hits="24" branch="True" condition-coverage="100% (4/4)">
              <conditions>
                <condition number="21" type="jump" coverage="100%" />
                <condition number="37" type="jump" coverage="100%" />
              </conditions>
            </line>
            <line number="117" hits="12" branch="False" />
            <line number="118" hits="12" branch="True" condition-coverage="100% (2/2)">
              <conditions>
                <condition number="47" type="jump" coverage="100%" />
              </conditions>
            </line>
            <line number="119" hits="6" branch="False" />
            <line number="120" hits="6" branch="False" />
            <line number="121" hits="6" branch="False" />
            <line number="123" hits="6" branch="False" />
            <line number="124" hits="6" branch="False" />
            <line number="125" hits="6" branch="False" />
            <line number="126" hits="12" branch="False" />
            <line number="129" hits="12" branch="True" condition-coverage="100% (2/2)">
              <conditions>
                <condition number="78" type="jump" coverage="100%" />
              </conditions>
            </line>
            <line number="130" hits="12" branch="False" />
            <line number="131" hits="12" branch="False" />
            <line number="133" hits="12" branch="True" condition-coverage="100% (2/2)">
              <conditions>
                <condition number="109" type="jump" coverage="100%" />
              </conditions>
            </line>
            <line number="134" hits="6" branch="False" />
            <line number="135" hits="6" branch="False" />
            <line number="136" hits="6" branch="False" />
            <line number="138" hits="6" branch="False" />
            <line number="139" hits="6" branch="False" />
            <line number="140" hits="6" branch="False" />
            <line number="141" hits="24" branch="False" />
            <line number="28" hits="28" branch="False" />
            <line number="29" hits="28" branch="False" />
            <line number="30" hits="28" branch="False" />
            <line number="31" hits="28" branch="False" />
            <line number="32" hits="28" branch="False" />
          </lines>
        </class>
      </classes>
    </package>
  </packages>
</coverage>